running egg_info
creating ../../../build/xr_hand_pipeline/xr_hand_pipeline.egg-info
writing ../../../build/xr_hand_pipeline/xr_hand_pipeline.egg-info/PKG-INFO
writing dependency_links to ../../../build/xr_hand_pipeline/xr_hand_pipeline.egg-info/dependency_links.txt
writing entry points to ../../../build/xr_hand_pipeline/xr_hand_pipeline.egg-info/entry_points.txt
writing requirements to ../../../build/xr_hand_pipeline/xr_hand_pipeline.egg-info/requires.txt
writing top-level names to ../../../build/xr_hand_pipeline/xr_hand_pipeline.egg-info/top_level.txt
writing manifest file '../../../build/xr_hand_pipeline/xr_hand_pipeline.egg-info/SOURCES.txt'
reading manifest file '../../../build/xr_hand_pipeline/xr_hand_pipeline.egg-info/SOURCES.txt'
writing manifest file '../../../build/xr_hand_pipeline/xr_hand_pipeline.egg-info/SOURCES.txt'
running build
running build_py
creating /home/maan/SO-101-VR-Teleoperation/build/xr_hand_pipeline/build
creating /home/maan/SO-101-VR-Teleoperation/build/xr_hand_pipeline/build/lib
creating /home/maan/SO-101-VR-Teleoperation/build/xr_hand_pipeline/build/lib/xr_hand_pipeline
copying xr_hand_pipeline/hand_ws_publisher.py -> /home/maan/SO-101-VR-Teleoperation/build/xr_hand_pipeline/build/lib/xr_hand_pipeline
copying xr_hand_pipeline/hand_pose_subscriber.py -> /home/maan/SO-101-VR-Teleoperation/build/xr_hand_pipeline/build/lib/xr_hand_pipeline
copying xr_hand_pipeline/__init__.py -> /home/maan/SO-101-VR-Teleoperation/build/xr_hand_pipeline/build/lib/xr_hand_pipeline
running install
running install_lib
creating /home/maan/SO-101-VR-Teleoperation/install/xr_hand_pipeline/lib/python3.12/site-packages/xr_hand_pipeline
copying /home/maan/SO-101-VR-Teleoperation/build/xr_hand_pipeline/build/lib/xr_hand_pipeline/hand_ws_publisher.py -> /home/maan/SO-101-VR-Teleoperation/install/xr_hand_pipeline/lib/python3.12/site-packages/xr_hand_pipeline
copying /home/maan/SO-101-VR-Teleoperation/build/xr_hand_pipeline/build/lib/xr_hand_pipeline/hand_pose_subscriber.py -> /home/maan/SO-101-VR-Teleoperation/install/xr_hand_pipeline/lib/python3.12/site-packages/xr_hand_pipeline
copying /home/maan/SO-101-VR-Teleoperation/build/xr_hand_pipeline/build/lib/xr_hand_pipeline/__init__.py -> /home/maan/SO-101-VR-Teleoperation/install/xr_hand_pipeline/lib/python3.12/site-packages/xr_hand_pipeline
byte-compiling /home/maan/SO-101-VR-Teleoperation/install/xr_hand_pipeline/lib/python3.12/site-packages/xr_hand_pipeline/hand_ws_publisher.py to hand_ws_publisher.cpython-312.pyc
byte-compiling /home/maan/SO-101-VR-Teleoperation/install/xr_hand_pipeline/lib/python3.12/site-packages/xr_hand_pipeline/hand_pose_subscriber.py to hand_pose_subscriber.cpython-312.pyc
byte-compiling /home/maan/SO-101-VR-Teleoperation/install/xr_hand_pipeline/lib/python3.12/site-packages/xr_hand_pipeline/__init__.py to __init__.cpython-312.pyc
running install_data
creating /home/maan/SO-101-VR-Teleoperation/install/xr_hand_pipeline/share/ament_index
creating /home/maan/SO-101-VR-Teleoperation/install/xr_hand_pipeline/share/ament_index/resource_index
creating /home/maan/SO-101-VR-Teleoperation/install/xr_hand_pipeline/share/ament_index/resource_index/packages
copying resource/xr_hand_pipeline -> /home/maan/SO-101-VR-Teleoperation/install/xr_hand_pipeline/share/ament_index/resource_index/packages
copying package.xml -> /home/maan/SO-101-VR-Teleoperation/install/xr_hand_pipeline/share/xr_hand_pipeline
creating /home/maan/SO-101-VR-Teleoperation/install/xr_hand_pipeline/share/xr_hand_pipeline/launch
copying launch/hand_pose.launch.py -> /home/maan/SO-101-VR-Teleoperation/install/xr_hand_pipeline/share/xr_hand_pipeline/launch
creating /home/maan/SO-101-VR-Teleoperation/install/xr_hand_pipeline/share/xr_hand_pipeline/rviz
copying rviz/hand_pose.rviz -> /home/maan/SO-101-VR-Teleoperation/install/xr_hand_pipeline/share/xr_hand_pipeline/rviz
running install_egg_info
Copying ../../../build/xr_hand_pipeline/xr_hand_pipeline.egg-info to /home/maan/SO-101-VR-Teleoperation/install/xr_hand_pipeline/lib/python3.12/site-packages/xr_hand_pipeline-0.0.0-py3.12.egg-info
running install_scripts
Installing hand_pose_subscriber script to /home/maan/SO-101-VR-Teleoperation/install/xr_hand_pipeline/lib/xr_hand_pipeline
Installing hand_ws_publisher script to /home/maan/SO-101-VR-Teleoperation/install/xr_hand_pipeline/lib/xr_hand_pipeline
writing list of installed files to '/home/maan/SO-101-VR-Teleoperation/build/xr_hand_pipeline/install.log'
