[0.786s] Invoking command in '/home/maan/SO-101-VR-Teleoperation/ros2_ws/src/xr_hand_pipeline': DEBUGINFOD_URLS=https://debuginfod.ubuntu.com PYTHONPATH=/home/maan/SO-101-VR-Teleoperation/build/xr_hand_pipeline/prefix_override:/usr/lib/python3/dist-packages/colcon_core/task/python/colcon_distutils_commands:/home/maan/SO-101-VR-Teleoperation/install/xr_hand_pipeline/lib/python3.12/site-packages:${PYTHONPATH} /usr/bin/python3 -W ignore:setup.py install is deprecated -W ignore:easy_install command is deprecated setup.py egg_info --egg-base ../../../build/xr_hand_pipeline build --build-base /home/maan/SO-101-VR-Teleoperation/build/xr_hand_pipeline/build install --record /home/maan/SO-101-VR-Teleoperation/build/xr_hand_pipeline/install.log --single-version-externally-managed install_data
[1.048s] running egg_info
[1.069s] writing ../../../build/xr_hand_pipeline/xr_hand_pipeline.egg-info/PKG-INFO
[1.069s] writing dependency_links to ../../../build/xr_hand_pipeline/xr_hand_pipeline.egg-info/dependency_links.txt
[1.070s] writing entry points to ../../../build/xr_hand_pipeline/xr_hand_pipeline.egg-info/entry_points.txt
[1.070s] writing requirements to ../../../build/xr_hand_pipeline/xr_hand_pipeline.egg-info/requires.txt
[1.070s] writing top-level names to ../../../build/xr_hand_pipeline/xr_hand_pipeline.egg-info/top_level.txt
[1.111s] reading manifest file '../../../build/xr_hand_pipeline/xr_hand_pipeline.egg-info/SOURCES.txt'
[1.112s] writing manifest file '../../../build/xr_hand_pipeline/xr_hand_pipeline.egg-info/SOURCES.txt'
[1.112s] running build
[1.112s] running build_py
[1.112s] running install
[1.118s] running install_lib
[1.139s] running install_data
[1.139s] running install_egg_info
[1.160s] removing '/home/maan/SO-101-VR-Teleoperation/install/xr_hand_pipeline/lib/python3.12/site-packages/xr_hand_pipeline-0.0.0-py3.12.egg-info' (and everything under it)
[1.161s] Copying ../../../build/xr_hand_pipeline/xr_hand_pipeline.egg-info to /home/maan/SO-101-VR-Teleoperation/install/xr_hand_pipeline/lib/python3.12/site-packages/xr_hand_pipeline-0.0.0-py3.12.egg-info
[1.162s] running install_scripts
[1.304s] Installing hand_pose_subscriber script to /home/maan/SO-101-VR-Teleoperation/install/xr_hand_pipeline/lib/xr_hand_pipeline
[1.304s] Installing hand_ws_publisher script to /home/maan/SO-101-VR-Teleoperation/install/xr_hand_pipeline/lib/xr_hand_pipeline
[1.304s] writing list of installed files to '/home/maan/SO-101-VR-Teleoperation/build/xr_hand_pipeline/install.log'
[1.327s] Invoked command in '/home/maan/SO-101-VR-Teleoperation/ros2_ws/src/xr_hand_pipeline' returned '0': DEBUGINFOD_URLS=https://debuginfod.ubuntu.com PYTHONPATH=/home/maan/SO-101-VR-Teleoperation/build/xr_hand_pipeline/prefix_override:/usr/lib/python3/dist-packages/colcon_core/task/python/colcon_distutils_commands:/home/maan/SO-101-VR-Teleoperation/install/xr_hand_pipeline/lib/python3.12/site-packages:${PYTHONPATH} /usr/bin/python3 -W ignore:setup.py install is deprecated -W ignore:easy_install command is deprecated setup.py egg_info --egg-base ../../../build/xr_hand_pipeline build --build-base /home/maan/SO-101-VR-Teleoperation/build/xr_hand_pipeline/build install --record /home/maan/SO-101-VR-Teleoperation/build/xr_hand_pipeline/install.log --single-version-externally-managed install_data
